1641612913109	geckodriver	INFO	Listening on 127.0.0.1:14541
1641613027008	geckodriver	INFO	Listening on 127.0.0.1:7454
1641613101400	geckodriver	INFO	Listening on 127.0.0.1:7588
1641613162012	geckodriver	INFO	Listening on 127.0.0.1:7703
1641614052048	geckodriver	INFO	Listening on 127.0.0.1:14666
1641614054749	mozrunner::runner	INFO	Running command: "C:\\Program Files\\Mozilla Firefox\\firefox.exe" "--marionette" "--remote-debugging-port" "14667" "-no-remote" "-profile" "C:\\Users\\User\\AppData\\Local\\Temp\\rust_mozprofileVlwS22"
1641614055374	Marionette	INFO	Marionette enabled
console.warn: SearchSettings: "get: No settings file exists, new profile?" (new NotFoundError("Could not open the file at C:\\Users\\User\\AppData\\Local\\Temp\\rust_mozprofileVlwS22\\search.json.mozlz4", (void 0)))
DevTools listening on ws://localhost:14667/devtools/browser/ed81cbfb-2803-4cef-a63f-77fb871fdf9e
1641614057748	Marionette	INFO	Listening on port 14677
1641614057953	RemoteAgent	WARN	TLS certificate errors will be ignored for this session
JavaScript warning: https://pagead2.googlesyndication.com/bg/5j4VCALLZSHxCC9Q4npotRbCr-J4MtXOxr4dICczkIM.js line 1 > eval line 876 > eval, line 1: WEBGL_debug_renderer_info is deprecated in Firefox and will be removed. Please use RENDERER.
JavaScript warning: https://pagead2.googlesyndication.com/bg/5j4VCALLZSHxCC9Q4npotRbCr-J4MtXOxr4dICczkIM.js line 1 > eval line 2716 > eval, line 1: WEBGL_debug_renderer_info is deprecated in Firefox and will be removed. Please use RENDERER.
JavaScript warning: https://pagead2.googlesyndication.com/bg/5j4VCALLZSHxCC9Q4npotRbCr-J4MtXOxr4dICczkIM.js line 1 > eval line 7282 > eval, line 1: WEBGL_debug_renderer_info is deprecated in Firefox and will be removed. Please use RENDERER.
JavaScript warning: https://pagead2.googlesyndication.com/bg/5j4VCALLZSHxCC9Q4npotRbCr-J4MtXOxr4dICczkIM.js line 1 > eval line 4841 > eval, line 1: WEBGL_debug_renderer_info is deprecated in Firefox and will be removed. Please use RENDERER.
1641614066480	Marionette	INFO	Stopped listening on port 14677
console.warn: TopSitesFeed: Failed to fetch data from Contile server: NetworkError when attempting to fetch resource.
JavaScript error: , line 0: TypeError: NetworkError when attempting to fetch resource.
JavaScript error: , line 0: TypeError: NetworkError when attempting to fetch resource.
1641666405905	geckodriver	INFO	Listening on 127.0.0.1:14725
1641666408937	mozrunner::runner	INFO	Running command: "C:\\Program Files\\Mozilla Firefox\\firefox.exe" "--marionette" "-no-remote" "-profile" "C:\\Users\\User\\AppData\\Local\\Temp\\rust_mozprofile4B1ww6"
1641666409688	Marionette	INFO	Marionette enabled
console.warn: SearchSettings: "get: No settings file exists, new profile?" (new NotFoundError("Could not open the file at C:\\Users\\User\\AppData\\Local\\Temp\\rust_mozprofile4B1ww6\\search.json.mozlz4", (void 0)))
1641666412841	Marionette	INFO	Listening on port 14738
1641666413176	RemoteAgent	WARN	TLS certificate errors will be ignored for this session
JavaScript warning: https://static.xx.fbcdn.net/rsrc.php/v3iX3c4/y4/l/en_GB/o5XjgaLVgY-.js?_nc_x=Ij3Wp8lg5Kz, line 20: WEBGL_debug_renderer_info is deprecated in Firefox and will be removed. Please use RENDERER.
1641666416347	Marionette	INFO	Stopped listening on port 14738
console.warn: TopSitesFeed: Failed to fetch data from Contile server: NetworkError when attempting to fetch resource.

###!!! [Child][RunMessage] Error: Channel closing: too late to send/recv, messages will be lost

[Parent 11172, IPC I/O Parent] WARNING: file /builds/worker/checkouts/gecko/ipc/chromium/src/base/process_util_win.cc:167
1648113305268	geckodriver	INFO	Listening on 127.0.0.1:10276
1648113308392	mozrunner::runner	INFO	Running command: "C:\\Program Files\\Mozilla Firefox\\firefox.exe" "--marionette" "--remote-debugging-port" "10277" "-no-remote" "-profile" "C:\\Users\\User\\AppData\\Local\\Temp\\rust_mozprofileFldG5P"
1648113309311	Marionette	INFO	Marionette enabled
console.warn: SearchSettings: "get: No settings file exists, new profile?" (new NotFoundError("Could not open the file at C:\\Users\\User\\AppData\\Local\\Temp\\rust_mozprofileFldG5P\\search.json.mozlz4", (void 0)))
DevTools listening on ws://localhost:10277/devtools/browser/2b0c00ec-cef3-4815-8227-166a78e11677
1648113311457	Marionette	INFO	Listening on port 10282
1648113311964	RemoteAgent	WARN	TLS certificate errors will be ignored for this session
JavaScript warning: https://static.xx.fbcdn.net/rsrc.php/v3iX3c4/yt/l/en_GB/LxDY0pA6HBs.js?_nc_x=Ij3Wp8lg5Kz, line 16: WEBGL_debug_renderer_info is deprecated in Firefox and will be removed. Please use RENDERER.
console.warn: LoginRecipes: "getRecipes: falling back to a synchronous message for:" "https://web.facebook.com"
1648113324693	Marionette	INFO	Stopped listening on port 10282
console.warn: TopSitesFeed: Failed to fetch data from Contile server: NetworkError when attempting to fetch resource.
